2026-05-03 18:32:07,793 DEBUG - Starting WinSW in console mode
2026-05-03 18:32:07,876 INFO  - Installing service 'Studio Photo Backend Service (photo-app-backend)'...
2026-05-03 18:32:07,958 INFO  - Service 'Studio Photo Backend Service (photo-app-backend)' was installed successfully.
2026-05-03 18:32:09,118 DEBUG - Starting WinSW in console mode
2026-05-03 18:32:10,354 INFO  - Starting service 'Studio Photo Backend Service (photo-app-backend)'...
2026-05-03 18:32:11,489 DEBUG - Starting WinSW in service mode
2026-05-03 18:32:11,566 INFO  - Service 'Studio Photo Backend Service (photo-app-backend)' started successfully.
2026-05-03 18:32:11,871 INFO  - Starting java -Xmx512m -jar photo-app-backend-0.0.1-SNAPSHOT.jar --spring.config.additional-location=file:./application-prod.properties
2026-05-03 18:32:12,040 INFO  - Started process 1108
2026-05-03 18:32:12,081 DEBUG - Forwarding logs of the process System.Diagnostics.Process (java) to WinSW.RollingLogAppender
2026-05-03 23:22:08,514 DEBUG - Starting WinSW in service mode
2026-05-03 23:22:09,119 INFO  - Starting java -Xmx512m -jar photo-app-backend-0.0.1-SNAPSHOT.jar --spring.config.additional-location=file:./application-prod.properties
2026-05-03 23:22:09,309 INFO  - Started process 4708
2026-05-03 23:22:09,349 DEBUG - Forwarding logs of the process System.Diagnostics.Process (java) to WinSW.RollingLogAppender
2026-05-05 16:52:02,397 DEBUG - Starting WinSW in service mode
2026-05-05 16:52:02,893 INFO  - Starting java -Xmx512m -jar photo-app-backend-0.0.1-SNAPSHOT.jar --spring.config.additional-location=file:./application-prod.properties
2026-05-05 16:52:03,081 INFO  - Started process 4940
2026-05-05 16:52:03,108 DEBUG - Forwarding logs of the process System.Diagnostics.Process (java) to WinSW.RollingLogAppender
2026-05-05 19:22:46,985 DEBUG - Starting WinSW in service mode
2026-05-05 19:22:47,598 INFO  - Starting java -Xmx512m -jar photo-app-backend-0.0.1-SNAPSHOT.jar --spring.config.additional-location=file:./application-prod.properties
2026-05-05 19:22:47,663 INFO  - Started process 3972
2026-05-05 19:22:47,705 DEBUG - Forwarding logs of the process System.Diagnostics.Process (java) to WinSW.RollingLogAppender
2026-05-05 20:28:55,488 DEBUG - Starting WinSW in service mode
2026-05-05 20:28:55,965 INFO  - Starting java -Xmx512m -jar photo-app-backend-0.0.1-SNAPSHOT.jar --spring.config.additional-location=file:./application-prod.properties
2026-05-05 20:28:56,033 INFO  - Started process 3900
2026-05-05 20:28:56,055 DEBUG - Forwarding logs of the process System.Diagnostics.Process (java) to WinSW.RollingLogAppender
2026-05-05 20:58:47,369 DEBUG - Starting WinSW in service mode
2026-05-05 20:58:48,005 INFO  - Starting java -Xmx512m -jar photo-app-backend-0.0.1-SNAPSHOT.jar --spring.config.additional-location=file:./application-prod.properties
2026-05-05 20:58:48,066 INFO  - Started process 3744
2026-05-05 20:58:48,084 DEBUG - Forwarding logs of the process System.Diagnostics.Process (java) to WinSW.RollingLogAppender
2026-05-05 22:01:14,479 DEBUG - Starting WinSW in service mode
2026-05-05 22:01:15,251 INFO  - Starting java -Xmx512m -jar photo-app-backend-0.0.1-SNAPSHOT.jar --spring.config.additional-location=file:./application-prod.properties
2026-05-05 22:01:15,316 INFO  - Started process 3892
2026-05-05 22:01:15,336 DEBUG - Forwarding logs of the process System.Diagnostics.Process (java) to WinSW.RollingLogAppender
2026-05-06 02:26:24,148 DEBUG - Starting WinSW in service mode
2026-05-06 02:26:24,848 INFO  - Starting java -Xmx512m -jar photo-app-backend-0.0.1-SNAPSHOT.jar --spring.config.additional-location=file:./application-prod.properties
2026-05-06 02:26:24,945 INFO  - Started process 4020
2026-05-06 02:26:24,965 DEBUG - Forwarding logs of the process System.Diagnostics.Process (java) to WinSW.RollingLogAppender
2026-05-06 02:34:04,931 DEBUG - Starting WinSW in service mode
2026-05-06 02:34:05,592 INFO  - Starting java -Xmx512m -jar photo-app-backend-0.0.1-SNAPSHOT.jar --spring.config.additional-location=file:./application-prod.properties
2026-05-06 02:34:05,675 INFO  - Started process 4024
2026-05-06 02:34:05,709 DEBUG - Forwarding logs of the process System.Diagnostics.Process (java) to WinSW.RollingLogAppender
2026-05-07 23:16:20,646 DEBUG - Starting WinSW in service mode
2026-05-07 23:16:21,200 INFO  - Starting java -Xmx512m -jar photo-app-backend-0.0.1-SNAPSHOT.jar --spring.config.additional-location=file:./application-prod.properties
2026-05-07 23:16:21,387 INFO  - Started process 4660
2026-05-07 23:16:21,426 DEBUG - Forwarding logs of the process System.Diagnostics.Process (java) to WinSW.RollingLogAppender
2026-05-08 11:16:40,469 DEBUG - Starting WinSW in service mode
2026-05-08 11:16:40,962 INFO  - Starting java -Xmx512m -jar photo-app-backend-0.0.1-SNAPSHOT.jar --spring.config.additional-location=file:./application-prod.properties
2026-05-08 11:16:41,127 INFO  - Started process 4692
2026-05-08 11:16:41,166 DEBUG - Forwarding logs of the process System.Diagnostics.Process (java) to WinSW.RollingLogAppender
2026-05-09 18:17:34,475 DEBUG - Starting WinSW in service mode
2026-05-09 18:17:35,137 INFO  - Starting java -Xmx512m -jar photo-app-backend-0.0.1-SNAPSHOT.jar --spring.config.additional-location=file:./application-prod.properties
2026-05-09 18:17:35,325 INFO  - Started process 4476
2026-05-09 18:17:35,350 DEBUG - Forwarding logs of the process System.Diagnostics.Process (java) to WinSW.RollingLogAppender
2026-05-09 20:06:27,949 DEBUG - Starting WinSW in service mode
2026-05-09 20:06:28,549 INFO  - Starting java -Xmx512m -jar photo-app-backend-0.0.1-SNAPSHOT.jar --spring.config.additional-location=file:./application-prod.properties
2026-05-09 20:06:28,732 INFO  - Started process 4584
2026-05-09 20:06:28,762 DEBUG - Forwarding logs of the process System.Diagnostics.Process (java) to WinSW.RollingLogAppender
2026-05-12 19:36:12,629 DEBUG - Starting WinSW in service mode
2026-05-12 19:36:13,272 INFO  - Starting java -Xmx512m -jar photo-app-backend-0.0.1-SNAPSHOT.jar --spring.config.additional-location=file:./application-prod.properties
2026-05-12 19:36:13,494 INFO  - Started process 4804
2026-05-12 19:36:13,532 DEBUG - Forwarding logs of the process System.Diagnostics.Process (java) to WinSW.RollingLogAppender
